<?xml version="1.0" encoding="UTF-8"?>
<!-- Generated by org.testng.reporters.JUnitReportReporter -->
<testsuite hostname="mindc1d430" failures="0" tests="1" name="com.mindtree.TestCases.TC_SelectMattresses" time="6.184" errors="0" timestamp="2022-05-23T00:23:51 GMT-07:00" skipped="0">
  <testcase classname="com.mindtree.TestCases.TC_SelectMattresses" name="selectmattresses" time="6.184"/>
  <system-out/>
</testsuite> <!-- com.mindtree.TestCases.TC_SelectMattresses -->
