<?xml version="1.0" encoding="UTF-8"?>
<!-- Generated by org.testng.reporters.JUnitReportReporter -->
<testsuite hostname="mindc1d430" failures="0" tests="1" name="com.mindtree.TestCases.TC_GiftCard" time="2.776" errors="0" timestamp="2022-05-23T00:23:51 GMT-07:00" skipped="0">
  <testcase classname="com.mindtree.TestCases.TC_GiftCard" name="giftCard" time="2.776"/>
  <system-out/>
</testsuite> <!-- com.mindtree.TestCases.TC_GiftCard -->
